[debug] [2024-08-20T11:41:40.324Z] ----------------------------------------------------------------------
[debug] [2024-08-20T11:41:40.326Z] Command:       C:\Program Files\nodejs\node.exe C:\Users\vib75\AppData\Roaming\npm\node_modules\firebase-tools\lib\bin\firebase.js init
[debug] [2024-08-20T11:41:40.327Z] CLI Version:   13.15.2
[debug] [2024-08-20T11:41:40.327Z] Platform:      win32
[debug] [2024-08-20T11:41:40.327Z] Node Version:  v18.16.0
[debug] [2024-08-20T11:41:40.328Z] Time:          Tue Aug 20 2024 17:11:40 GMT+0530 (India Standard Time)
[debug] [2024-08-20T11:41:40.328Z] ----------------------------------------------------------------------
[debug] 
[debug] [2024-08-20T11:41:40.337Z] > command requires scopes: ["email","openid","https://www.googleapis.com/auth/cloudplatformprojects.readonly","https://www.googleapis.com/auth/firebase","https://www.googleapis.com/auth/cloud-platform"]
[debug] [2024-08-20T11:41:40.337Z] > authorizing via signed-in user (vibcode1@gmail.com)
[info] 
     ######## #### ########  ######## ########     ###     ######  ########
     ##        ##  ##     ## ##       ##     ##  ##   ##  ##       ##
     ######    ##  ########  ######   ########  #########  ######  ######
     ##        ##  ##    ##  ##       ##     ## ##     ##       ## ##
     ##       #### ##     ## ######## ########  ##     ##  ######  ########

You're about to initialize a Firebase project in this directory:

  C:\Users\vib75\Desktop\projects\react-firebase-chat-app\react-firebase-chat-app\web-app

[info] 
=== Project Setup
[info] 
[info] First, let's associate this project directory with a Firebase project.
[info] You can create multiple project aliases by running firebase use --add, 
[info] but for now we'll just set up a default project.
[info] 
[debug] [2024-08-20T11:43:08.734Z] >>> [apiv2][query] GET https://firebase.googleapis.com/v1beta1/projects pageSize=100
[debug] [2024-08-20T11:43:09.988Z] <<< [apiv2][status] GET https://firebase.googleapis.com/v1beta1/projects 200
[debug] [2024-08-20T11:43:09.988Z] <<< [apiv2][body] GET https://firebase.googleapis.com/v1beta1/projects [omitted]
[info] i  Using project chatapp-eedf4 (chatapp) 
[info] 
=== Firestore Setup
[debug] [2024-08-20T11:43:13.363Z] >>> [apiv2][query] GET https://serviceusage.googleapis.com/v1/projects/chatapp-eedf4/services/firestore.googleapis.com [none]
[debug] [2024-08-20T11:43:13.363Z] >>> [apiv2][(partial)header] GET https://serviceusage.googleapis.com/v1/projects/chatapp-eedf4/services/firestore.googleapis.com x-goog-quota-user=projects/chatapp-eedf4
[debug] [2024-08-20T11:43:15.728Z] <<< [apiv2][status] GET https://serviceusage.googleapis.com/v1/projects/chatapp-eedf4/services/firestore.googleapis.com 200
[debug] [2024-08-20T11:43:15.728Z] <<< [apiv2][body] GET https://serviceusage.googleapis.com/v1/projects/chatapp-eedf4/services/firestore.googleapis.com [omitted]
[debug] [2024-08-20T11:43:15.729Z] >>> [apiv2][query] GET https://firestore.googleapis.com/v1/projects/chatapp-eedf4/databases/(default) [none]
[debug] [2024-08-20T11:43:16.398Z] <<< [apiv2][status] GET https://firestore.googleapis.com/v1/projects/chatapp-eedf4/databases/(default) 200
[debug] [2024-08-20T11:43:16.399Z] <<< [apiv2][body] GET https://firestore.googleapis.com/v1/projects/chatapp-eedf4/databases/(default) {"name":"projects/chatapp-eedf4/databases/(default)","uid":"7697e936-be1e-4c36-b7ed-92e8c82a7530","createTime":"2024-08-20T10:45:18.566690Z","updateTime":"2024-08-20T10:45:18.566690Z","locationId":"asia-south1","type":"FIRESTORE_NATIVE","concurrencyMode":"PESSIMISTIC","versionRetentionPeriod":"3600s","earliestVersionTime":"2024-08-20T10:45:18.566690Z","appEngineIntegrationMode":"DISABLED","keyPrefix":"j","pointInTimeRecoveryEnablement":"POINT_IN_TIME_RECOVERY_DISABLED","deleteProtectionState":"DELETE_PROTECTION_DISABLED","etag":"IJ+40fO+g4gDMPisv4i3g4gD"}
[debug] [2024-08-20T11:43:16.399Z] database_type: FIRESTORE_NATIVE
[debug] [2024-08-20T11:43:16.399Z] > command requires scopes: ["email","openid","https://www.googleapis.com/auth/cloudplatformprojects.readonly","https://www.googleapis.com/auth/firebase","https://www.googleapis.com/auth/cloud-platform"]
[debug] [2024-08-20T11:43:16.399Z] > authorizing via signed-in user (vibcode1@gmail.com)
[debug] [2024-08-20T11:43:16.399Z] [iam] checking project chatapp-eedf4 for permissions ["firebase.projects.get"]
[debug] [2024-08-20T11:43:16.400Z] >>> [apiv2][query] POST https://cloudresourcemanager.googleapis.com/v1/projects/chatapp-eedf4:testIamPermissions [none]
[debug] [2024-08-20T11:43:16.400Z] >>> [apiv2][(partial)header] POST https://cloudresourcemanager.googleapis.com/v1/projects/chatapp-eedf4:testIamPermissions x-goog-quota-user=projects/chatapp-eedf4
[debug] [2024-08-20T11:43:16.400Z] >>> [apiv2][body] POST https://cloudresourcemanager.googleapis.com/v1/projects/chatapp-eedf4:testIamPermissions {"permissions":["firebase.projects.get"]}
[debug] [2024-08-20T11:43:18.376Z] <<< [apiv2][status] POST https://cloudresourcemanager.googleapis.com/v1/projects/chatapp-eedf4:testIamPermissions 200
[debug] [2024-08-20T11:43:18.376Z] <<< [apiv2][body] POST https://cloudresourcemanager.googleapis.com/v1/projects/chatapp-eedf4:testIamPermissions {"permissions":["firebase.projects.get"]}
[info] 
[info] Firestore Security Rules allow you to define how and when to allow
[info] requests. You can keep these rules in your project directory
[info] and publish them with firebase deploy.
[info] 
[debug] [2024-08-20T11:43:44.824Z] >>> [apiv2][query] GET https://firebaserules.googleapis.com/v1/projects/chatapp-eedf4/releases pageSize=10&pageToken=
[debug] [2024-08-20T11:43:45.962Z] <<< [apiv2][status] GET https://firebaserules.googleapis.com/v1/projects/chatapp-eedf4/releases 200
[debug] [2024-08-20T11:43:45.962Z] <<< [apiv2][body] GET https://firebaserules.googleapis.com/v1/projects/chatapp-eedf4/releases {"releases":[{"name":"projects/chatapp-eedf4/releases/cloud.firestore","rulesetName":"projects/chatapp-eedf4/rulesets/8afeadad-4272-44ac-8227-340e3efac47e","createTime":"2024-08-20T10:45:29.955700Z","updateTime":"2024-08-20T10:45:29.955700Z"}]}
[debug] [2024-08-20T11:43:45.963Z] Found ruleset: projects/chatapp-eedf4/rulesets/8afeadad-4272-44ac-8227-340e3efac47e
[debug] [2024-08-20T11:43:45.963Z] >>> [apiv2][query] GET https://firebaserules.googleapis.com/v1/projects/chatapp-eedf4/rulesets/8afeadad-4272-44ac-8227-340e3efac47e [none]
[debug] [2024-08-20T11:43:46.472Z] <<< [apiv2][status] GET https://firebaserules.googleapis.com/v1/projects/chatapp-eedf4/rulesets/8afeadad-4272-44ac-8227-340e3efac47e 200
[debug] [2024-08-20T11:43:46.472Z] <<< [apiv2][body] GET https://firebaserules.googleapis.com/v1/projects/chatapp-eedf4/rulesets/8afeadad-4272-44ac-8227-340e3efac47e [omitted]
[info] 
[info] Firestore indexes allow you to perform complex queries while
[info] maintaining performance that scales with the size of the result
[info] set. You can keep index definitions in your project directory
[info] and publish them with firebase deploy.
[info] 
[debug] [2024-08-20T11:43:49.889Z] >>> [apiv2][query] GET https://firestore.googleapis.com/v1/projects/chatapp-eedf4/databases/(default)/collectionGroups/-/indexes [none]
[debug] [2024-08-20T11:43:49.891Z] >>> [apiv2][query] GET https://firestore.googleapis.com/v1/projects/chatapp-eedf4/databases/(default)/collectionGroups/-/fields?filter=indexConfig.usesAncestorConfig=false OR ttlConfig:* [none]
[debug] [2024-08-20T11:43:50.300Z] <<< [apiv2][status] GET https://firestore.googleapis.com/v1/projects/chatapp-eedf4/databases/(default)/collectionGroups/-/indexes 200
[debug] [2024-08-20T11:43:50.300Z] <<< [apiv2][body] GET https://firestore.googleapis.com/v1/projects/chatapp-eedf4/databases/(default)/collectionGroups/-/indexes {"indexes":[{"name":"projects/chatapp-eedf4/databases/(default)/collectionGroups/messages/indexes/CICAgOjXh4EK","queryScope":"COLLECTION","fields":[{"fieldPath":"room","order":"ASCENDING"},{"fieldPath":"createdAt","order":"ASCENDING"},{"fieldPath":"__name__","order":"ASCENDING"}],"state":"READY"}]}
[debug] [2024-08-20T11:43:50.376Z] <<< [apiv2][status] GET https://firestore.googleapis.com/v1/projects/chatapp-eedf4/databases/(default)/collectionGroups/-/fields?filter=indexConfig.usesAncestorConfig=false OR ttlConfig:* 200
[debug] [2024-08-20T11:43:50.376Z] <<< [apiv2][body] GET https://firestore.googleapis.com/v1/projects/chatapp-eedf4/databases/(default)/collectionGroups/-/fields?filter=indexConfig.usesAncestorConfig=false OR ttlConfig:* {"fields":[{"name":"projects/chatapp-eedf4/databases/(default)/collectionGroups/__default__/fields/*","indexConfig":{"indexes":[{"queryScope":"COLLECTION","fields":[{"fieldPath":"*","order":"ASCENDING"}],"state":"READY"},{"queryScope":"COLLECTION","fields":[{"fieldPath":"*","order":"DESCENDING"}],"state":"READY"},{"queryScope":"COLLECTION","fields":[{"fieldPath":"*","arrayConfig":"CONTAINS"}],"state":"READY"}]}}]}
[info] 
=== Hosting Setup
[debug] [2024-08-20T11:43:50.380Z] >>> [apiv2][query] GET https://firebase.googleapis.com/v1beta1/projects/chatapp-eedf4 [none]
[debug] [2024-08-20T11:43:51.096Z] <<< [apiv2][status] GET https://firebase.googleapis.com/v1beta1/projects/chatapp-eedf4 200
[debug] [2024-08-20T11:43:51.097Z] <<< [apiv2][body] GET https://firebase.googleapis.com/v1beta1/projects/chatapp-eedf4 {"projectId":"chatapp-eedf4","projectNumber":"98920970801","displayName":"chatapp","name":"projects/chatapp-eedf4","resources":{"hostingSite":"chatapp-eedf4"},"state":"ACTIVE","etag":"1_4bfffd29-ca16-4f46-9252-0213c2f1d052"}
[info] 
[info] Your public directory is the folder (relative to your project directory) that
[info] will contain Hosting assets to be uploaded with firebase deploy. If you
[info] have a build process for your assets, use your build's output directory.
[info] 
[debug] [2024-08-20T11:44:09.260Z] >>> [apiv2][query] GET https://www.gstatic.com/firebasejs/releases.json [none]
[debug] [2024-08-20T11:44:09.553Z] <<< [apiv2][status] GET https://www.gstatic.com/firebasejs/releases.json 200
[debug] [2024-08-20T11:44:09.553Z] <<< [apiv2][body] GET https://www.gstatic.com/firebasejs/releases.json {"current":{"version":"10.13.0","browserURL":"https://www.gstatic.com/firebasejs/10.13.0/firebase.js","packageURL":"https://www.gstatic.com/firebasejs/10.13.0/firebase.tgz"},"live":{"version":"10.13","browserURL":"https://www.gstatic.com/firebasejs/live/10.13/firebase.js","packageURL":"https://www.gstatic.com/firebasejs/live/10.13/firebase.tgz"},"components":{"analytics":"https://www.gstatic.com/firebasejs/10.13.0/firebase-analytics.js","app":"https://www.gstatic.com/firebasejs/10.13.0/firebase-app.js","app-check":"https://www.gstatic.com/firebasejs/10.13.0/firebase-app-check.js","auth":"https://www.gstatic.com/firebasejs/10.13.0/firebase-auth.js","auth/cordova":"https://www.gstatic.com/firebasejs/10.13.0/firebase-auth/cordova.js","auth/web-extension":"https://www.gstatic.com/firebasejs/10.13.0/firebase-auth/web-extension.js","functions":"https://www.gstatic.com/firebasejs/10.13.0/firebase-functions.js","firestore":"https://www.gstatic.com/firebasejs/10.13.0/firebase-firestore.js","firestore/lite":"https://www.gstatic.com/firebasejs/10.13.0/firebase-firestore/lite.js","installations":"https://www.gstatic.com/firebasejs/10.13.0/firebase-installations.js","storage":"https://www.gstatic.com/firebasejs/10.13.0/firebase-storage.js","performance":"https://www.gstatic.com/firebasejs/10.13.0/firebase-performance.js","remote-config":"https://www.gstatic.com/firebasejs/10.13.0/firebase-remote-config.js","messaging":"https://www.gstatic.com/firebasejs/10.13.0/firebase-messaging.js","messaging/sw":"https://www.gstatic.com/firebasejs/10.13.0/firebase-messaging/sw.js","database":"https://www.gstatic.com/firebasejs/10.13.0/firebase-database.js","vertexai-preview":"https://www.gstatic.com/firebasejs/10.13.0/firebase-vertexai-preview.js","firestore.memory":"https://www.gstatic.com/firebasejs/10.13.0/firebase-firestore.memory.js"}}
[info] +  Wrote public/index.html 
[info] 
[info] i  Didn't detect a .git folder. Assuming C:\Users\vib75\Desktop\projects\react-firebase-chat-app\react-firebase-chat-app\web-app is the project root. 
[info] i  Authorizing with GitHub to upload your service account to a GitHub repository's secrets store. 
[info] 
[info] Visit this URL on this device to log in:
[info] https://github.com/login/oauth/authorize?client_id=89cf50f02ac6aaed3484&state=1040086259&redirect_uri=http%3A%2F%2Flocalhost%3A9005&scope=read%3Auser%20repo%20public_repo
[info] 
[info] Waiting for authentication...
[debug] [2024-08-20T11:44:20.538Z] >>> [apiv2][query] POST https://github.com/login/oauth/access_token [none]
[debug] [2024-08-20T11:44:20.538Z] >>> [apiv2][body] POST https://github.com/login/oauth/access_token [stream]
[debug] [2024-08-20T11:44:21.085Z] <<< [apiv2][status] POST https://github.com/login/oauth/access_token 200
[debug] [2024-08-20T11:44:21.086Z] <<< [apiv2][body] POST https://github.com/login/oauth/access_token {"access_token":"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","token_type":"bearer","scope":"read:user,repo"}
[debug] [2024-08-20T11:44:21.090Z] >>> [apiv2][query] GET https://api.github.com/user [none]
[debug] [2024-08-20T11:44:21.688Z] <<< [apiv2][status] GET https://api.github.com/user 200
[debug] [2024-08-20T11:44:21.689Z] <<< [apiv2][body] GET https://api.github.com/user {"login":"devvib","id":134680550,"node_id":"U_kgDOCAcP5g","avatar_url":"https://avatars.githubusercontent.com/u/134680550?v=4","gravatar_id":"","url":"https://api.github.com/users/devvib","html_url":"https://github.com/devvib","followers_url":"https://api.github.com/users/devvib/followers","following_url":"https://api.github.com/users/devvib/following{/other_user}","gists_url":"https://api.github.com/users/devvib/gists{/gist_id}","starred_url":"https://api.github.com/users/devvib/starred{/owner}{/repo}","subscriptions_url":"https://api.github.com/users/devvib/subscriptions","organizations_url":"https://api.github.com/users/devvib/orgs","repos_url":"https://api.github.com/users/devvib/repos","events_url":"https://api.github.com/users/devvib/events{/privacy}","received_events_url":"https://api.github.com/users/devvib/received_events","type":"User","site_admin":false,"name":null,"company":null,"blog":"","location":null,"email":null,"hireable":null,"bio":null,"twitter_username":null,"notification_email":null,"public_repos":3,"public_gists":0,"followers":0,"following":0,"created_at":"2023-05-26T06:51:28Z","updated_at":"2024-08-09T16:53:47Z","private_gists":0,"total_private_repos":7,"owned_private_repos":7,"disk_usage":22821,"collaborators":1,"two_factor_authentication":false,"plan":{"name":"free","space":976562499,"collaborators":0,"private_repos":10000}}
[info] 
[info] +  Success! Logged into GitHub as devvib 
[info] 
